Using pre-set license
Built from '2020.3/staging' branch; Version is '2020.3.0f1 (c7b5465681fb) revision 13088070'; Using compiler version '192528614'; Build Type 'Release'
OS: 'Windows 10 Home; OS build 22000.795; Version 2009; 64bit' Language: 'tr' Physical Memory: 16297 MB
BatchMode: 1, IsHumanControllingUs: 0, StartBugReporterOnCrash: 0, Is64bit: 1, IsPro: 0

 COMMAND LINE ARGUMENTS:
C:\Program Files\Unity\Hub\Editor\2020.3.0f1\Editor\Unity.exe
-adb2
-batchMode
-noUpm
-name
AssetImportWorker0
-projectPath
C:/Users/malia/Documents/GitHub/PewPew
-logFile
Logs/AssetImportWorker0.log
-srvPort
51522
Successfully changed project path to: C:/Users/malia/Documents/GitHub/PewPew
C:/Users/malia/Documents/GitHub/PewPew
Using Asset Import Pipeline V2.
Refreshing native plugins compatible for Editor in 36.32 ms, found 1 plugins.
Preloading 0 native plugins for Editor in 0.00 ms.
Initialize engine version: 2020.3.0f1 (c7b5465681fb)
[Subsystems] Discovering subsystems at path C:/Program Files/Unity/Hub/Editor/2020.3.0f1/Editor/Data/Resources/UnitySubsystems
[Subsystems] Discovering subsystems at path C:/Users/malia/Documents/GitHub/PewPew/Assets
GfxDevice: creating device client; threaded=0
Direct3D:
    Version:  Direct3D 11.0 [level 11.1]
    Renderer: NVIDIA GeForce RTX 3060 Laptop GPU (ID=0x2520)
    Vendor:   
    VRAM:     6023 MB
    Driver:   31.0.15.1659
Initialize mono
Mono path[0] = 'C:/Program Files/Unity/Hub/Editor/2020.3.0f1/Editor/Data/Managed'
Mono path[1] = 'C:/Program Files/Unity/Hub/Editor/2020.3.0f1/Editor/Data/MonoBleedingEdge/lib/mono/unityjit'
Mono config path = 'C:/Program Files/Unity/Hub/Editor/2020.3.0f1/Editor/Data/MonoBleedingEdge/etc'
Using monoOptions --debugger-agent=transport=dt_socket,embedding=1,server=y,suspend=n,address=127.0.0.1:56120
Begin MonoManager ReloadAssembly
Registering precompiled unity dll's ...
Register platform support module: C:/Program Files/Unity/Hub/Editor/2020.3.0f1/Editor/Data/PlaybackEngines/WebGLSupport/UnityEditor.WebGL.Extensions.dll
Register platform support module: C:/Program Files/Unity/Hub/Editor/2020.3.0f1/Editor/Data/PlaybackEngines/MacStandaloneSupport/UnityEditor.OSXStandalone.Extensions.dll
Register platform support module: C:/Program Files/Unity/Hub/Editor/2020.3.0f1/Editor/Data/PlaybackEngines/WindowsStandaloneSupport/UnityEditor.WindowsStandalone.Extensions.dll
Registered in 0.002023 seconds.
Native extension for WindowsStandalone target not found
Native extension for OSXStandalone target not found
Native extension for WebGL target not found
Refreshing native plugins compatible for Editor in 42.86 ms, found 1 plugins.
Preloading 0 native plugins for Editor in 0.00 ms.
Invoked RoslynAnalysisRunner static constructor.
RoslynAnalysisRunner will not be running.
RoslynAnalysisRunner has terminated.
Mono: successfully reloaded assembly
- Completed reload, in  2.882 seconds
Platform modules already initialized, skipping
Registering precompiled user dll's ...
Registered in 0.000737 seconds.
Begin MonoManager ReloadAssembly
Native extension for WindowsStandalone target not found
Native extension for OSXStandalone target not found
Native extension for WebGL target not found
Refreshing native plugins compatible for Editor in 37.18 ms, found 1 plugins.
Preloading 0 native plugins for Editor in 0.00 ms.
Invoked RoslynAnalysisRunner static constructor.
RoslynAnalysisRunner will not be running.
RoslynAnalysisRunner has terminated.
Mono: successfully reloaded assembly
- Completed reload, in  1.162 seconds
Platform modules already initialized, skipping
========================================================================
Worker process is ready to serve import requests
Launched and connected shader compiler UnityShaderCompiler.exe after 0.07 seconds
Refreshing native plugins compatible for Editor in 0.36 ms, found 1 plugins.
Preloading 0 native plugins for Editor in 0.00 ms.
Unloading 1808 Unused Serialized files (Serialized files now loaded: 0)
System memory in use before: 84.7 MB.
System memory in use after: 84.6 MB.

Unloading 24 unused Assets to reduce memory usage. Loaded Objects now: 2251.
Total: 3.344500 ms (FindLiveObjects: 0.249200 ms CreateObjectMapping: 0.153100 ms MarkObjects: 2.772400 ms  DeleteObjects: 0.168600 ms)

========================================================================
Received Import Request.
  path: Assets/Brackeys/2D Mega Pack/Items & Icons/Pixel Art/Rock.png
  artifactKey: Guid(99bbc83bebbd36849b732a06e55ad60e) Importer(815301076,1909f56bfc062723c751e8b465ee728b)
Start importing Assets/Brackeys/2D Mega Pack/Items & Icons/Pixel Art/Rock.png using Guid(99bbc83bebbd36849b732a06e55ad60e) Importer(815301076,1909f56bfc062723c751e8b465ee728b)  -> (artifact id: '0547590f55a4aed1c2b9fcc819c274df') in 0.181855 seconds
  Import took 0.186017 seconds .

========================================================================
Received Import Request.
  Time since last request: 0.000325 seconds.
  path: Assets/Brackeys/2D Mega Pack
  artifactKey: Guid(3f97bd75468a3704282bde6d8dcfaaba) Importer(815301076,1909f56bfc062723c751e8b465ee728b)
Start importing Assets/Brackeys/2D Mega Pack using Guid(3f97bd75468a3704282bde6d8dcfaaba) Importer(815301076,1909f56bfc062723c751e8b465ee728b)  -> (artifact id: 'a0cdb976f8a3b3ba22c8614f834995de') in 0.006555 seconds
  Import took 0.009882 seconds .

========================================================================
Received Import Request.
  Time since last request: 0.000302 seconds.
  path: Assets/Brackeys/2D Mega Pack/Items & Icons/Pixel Art
  artifactKey: Guid(c610bb258d9a61a4f8a35d01bb14b8bf) Importer(815301076,1909f56bfc062723c751e8b465ee728b)
Start importing Assets/Brackeys/2D Mega Pack/Items & Icons/Pixel Art using Guid(c610bb258d9a61a4f8a35d01bb14b8bf) Importer(815301076,1909f56bfc062723c751e8b465ee728b)  -> (artifact id: '19514b49b6c01dc7dd49d708d8c66cb3') in 0.006080 seconds
  Import took 0.009885 seconds .

========================================================================
Received Import Request.
  Time since last request: 0.000275 seconds.
  path: Assets/Brackeys/2D Mega Pack/Items & Icons
  artifactKey: Guid(7822755117c5791489d825013b05771e) Importer(815301076,1909f56bfc062723c751e8b465ee728b)
Start importing Assets/Brackeys/2D Mega Pack/Items & Icons using Guid(7822755117c5791489d825013b05771e) Importer(815301076,1909f56bfc062723c751e8b465ee728b)  -> (artifact id: 'e3eaa19d62a1602a6df3c2be60ad711d') in 0.006223 seconds
  Import took 0.009481 seconds .

========================================================================
Received Import Request.
  Time since last request: 39.645509 seconds.
  path: ProjectSettings/TagManager.asset
  artifactKey: Guid(00000000000000003000000000000000) Importer(815301076,1909f56bfc062723c751e8b465ee728b)
Start importing ProjectSettings/TagManager.asset using Guid(00000000000000003000000000000000) Importer(815301076,1909f56bfc062723c751e8b465ee728b)  -> (artifact id: 'd01839ce9a4b9e2563c92d9079b4658c') in 0.015792 seconds
  Import took 0.020978 seconds .

========================================================================
Received Import Request.
  Time since last request: 0.001338 seconds.
  path: ProjectSettings/TagManager.asset
  artifactKey: Guid(00000000000000003000000000000000) Importer(815301076,1909f56bfc062723c751e8b465ee728b)
Start importing ProjectSettings/TagManager.asset using Guid(00000000000000003000000000000000) Importer(815301076,1909f56bfc062723c751e8b465ee728b)  -> (artifact id: 'd01839ce9a4b9e2563c92d9079b4658c') in 0.003941 seconds
  Import took 0.007509 seconds .

========================================================================
Received Import Request.
  Time since last request: 7.404082 seconds.
  path: Assets/Prefabs/Astreoid.prefab
  artifactKey: Guid(1e71a2a9357462748b6c1e500f4490a6) Importer(815301076,1909f56bfc062723c751e8b465ee728b)
Start importing Assets/Prefabs/Astreoid.prefab using Guid(1e71a2a9357462748b6c1e500f4490a6) Importer(815301076,1909f56bfc062723c751e8b465ee728b)  -> (artifact id: '86d18faa35dfd9f2168f273c191cb0c3') in 0.053586 seconds
  Import took 0.058640 seconds .

========================================================================
Received Import Request.
  Time since last request: 32.250917 seconds.
  path: Assets/Prefabs/Astreoid.prefab
  artifactKey: Guid(1e71a2a9357462748b6c1e500f4490a6) Importer(815301076,1909f56bfc062723c751e8b465ee728b)
Start importing Assets/Prefabs/Astreoid.prefab using Guid(1e71a2a9357462748b6c1e500f4490a6) Importer(815301076,1909f56bfc062723c751e8b465ee728b)  -> (artifact id: 'ab00e544eba2003621e13a4c0cf7d90e') in 0.011928 seconds
  Import took 0.017366 seconds .

========================================================================
Received Import Request.
  Time since last request: 2.241488 seconds.
  path: Assets/Prefabs/Astreoid.prefab
  artifactKey: Guid(1e71a2a9357462748b6c1e500f4490a6) Importer(815301076,1909f56bfc062723c751e8b465ee728b)
Start importing Assets/Prefabs/Astreoid.prefab using Guid(1e71a2a9357462748b6c1e500f4490a6) Importer(815301076,1909f56bfc062723c751e8b465ee728b)  -> (artifact id: 'aeaa48dd04d7f0b22840d4e2537693d6') in 0.012098 seconds
  Import took 0.017044 seconds .

========================================================================
Received Import Request.
  Time since last request: 12.331137 seconds.
  path: Assets/Prefabs/Astreoid.prefab
  artifactKey: Guid(1e71a2a9357462748b6c1e500f4490a6) Importer(815301076,1909f56bfc062723c751e8b465ee728b)
Start importing Assets/Prefabs/Astreoid.prefab using Guid(1e71a2a9357462748b6c1e500f4490a6) Importer(815301076,1909f56bfc062723c751e8b465ee728b)  -> (artifact id: '44cb3dabe9fd738dc32f765a58445c1f') in 0.010149 seconds
  Import took 0.015129 seconds .

========================================================================
Received Import Request.
  Time since last request: 0.003764 seconds.
  path: Assets/Prefabs/Astreoid.prefab
  artifactKey: Guid(1e71a2a9357462748b6c1e500f4490a6) Importer(815301076,1909f56bfc062723c751e8b465ee728b)
Start importing Assets/Prefabs/Astreoid.prefab using Guid(1e71a2a9357462748b6c1e500f4490a6) Importer(815301076,1909f56bfc062723c751e8b465ee728b)  -> (artifact id: '44cb3dabe9fd738dc32f765a58445c1f') in 0.010317 seconds
  Import took 0.014521 seconds .

========================================================================
Received Import Request.
  Time since last request: 12.033375 seconds.
  path: Assets/Prefabs/Astreoid.prefab
  artifactKey: Guid(1e71a2a9357462748b6c1e500f4490a6) Importer(815301076,1909f56bfc062723c751e8b465ee728b)
Start importing Assets/Prefabs/Astreoid.prefab using Guid(1e71a2a9357462748b6c1e500f4490a6) Importer(815301076,1909f56bfc062723c751e8b465ee728b)  -> (artifact id: 'a878faedce25f8d70560d4f2159d5c7d') in 0.010729 seconds
  Import took 0.015889 seconds .

========================================================================
Received Import Request.
  Time since last request: 19.287541 seconds.
  path: Assets/Prefabs/Astreoid.prefab
  artifactKey: Guid(1e71a2a9357462748b6c1e500f4490a6) Importer(815301076,1909f56bfc062723c751e8b465ee728b)
Start importing Assets/Prefabs/Astreoid.prefab using Guid(1e71a2a9357462748b6c1e500f4490a6) Importer(815301076,1909f56bfc062723c751e8b465ee728b)  -> (artifact id: 'b2a7ad8f220243968edc304327e51398') in 0.009380 seconds
  Import took 0.013319 seconds .

========================================================================
Received Import Request.
  Time since last request: 0.008147 seconds.
  path: Assets/Prefabs/Astreoid.prefab
  artifactKey: Guid(1e71a2a9357462748b6c1e500f4490a6) Importer(815301076,1909f56bfc062723c751e8b465ee728b)
Start importing Assets/Prefabs/Astreoid.prefab using Guid(1e71a2a9357462748b6c1e500f4490a6) Importer(815301076,1909f56bfc062723c751e8b465ee728b)  -> (artifact id: 'b2a7ad8f220243968edc304327e51398') in 0.009833 seconds
  Import took 0.014213 seconds .

========================================================================
Received Import Request.
  Time since last request: 15.291879 seconds.
  path: Assets/Prefabs/Astreoid.prefab
  artifactKey: Guid(1e71a2a9357462748b6c1e500f4490a6) Importer(815301076,1909f56bfc062723c751e8b465ee728b)
Start importing Assets/Prefabs/Astreoid.prefab using Guid(1e71a2a9357462748b6c1e500f4490a6) Importer(815301076,1909f56bfc062723c751e8b465ee728b)  -> (artifact id: '3ce6cdfcc8a9735e03314d092727b845') in 0.009818 seconds
  Import took 0.014264 seconds .

========================================================================
Received Import Request.
  Time since last request: 4.545267 seconds.
  path: Assets/Prefabs/Astreoid.prefab
  artifactKey: Guid(1e71a2a9357462748b6c1e500f4490a6) Importer(815301076,1909f56bfc062723c751e8b465ee728b)
Start importing Assets/Prefabs/Astreoid.prefab using Guid(1e71a2a9357462748b6c1e500f4490a6) Importer(815301076,1909f56bfc062723c751e8b465ee728b)  -> (artifact id: '5274b2452cf47b8a8ae52c0646814ad1') in 0.011148 seconds
  Import took 0.016353 seconds .

========================================================================
Received Import Request.
  Time since last request: 78.093512 seconds.
  path: Assets/Scripts/AstreoidSpawner.cs
  artifactKey: Guid(1383e02ecaa576249bd7f627beaed910) Importer(815301076,1909f56bfc062723c751e8b465ee728b)
Start importing Assets/Scripts/AstreoidSpawner.cs using Guid(1383e02ecaa576249bd7f627beaed910) Importer(815301076,1909f56bfc062723c751e8b465ee728b)  -> (artifact id: '0da00fadd1f7d9bd1d9aa62897703483') in 0.024425 seconds
  Import took 0.028833 seconds .

========================================================================
Received Import Request.
  Time since last request: 1.640346 seconds.
  path: Assets/Scripts/BulletController.cs
  artifactKey: Guid(370351ed9b110d74b8980421954f8ff1) Importer(815301076,1909f56bfc062723c751e8b465ee728b)
Start importing Assets/Scripts/BulletController.cs using Guid(370351ed9b110d74b8980421954f8ff1) Importer(815301076,1909f56bfc062723c751e8b465ee728b)  -> (artifact id: 'fc97dbe6bfaeda704a6594b9cd8b765b') in 0.007804 seconds
  Import took 0.012829 seconds .

========================================================================
Received Prepare
Registering precompiled user dll's ...
Registered in 0.000929 seconds.
Begin MonoManager ReloadAssembly
Native extension for WindowsStandalone target not found
Native extension for OSXStandalone target not found
Native extension for WebGL target not found
Refreshing native plugins compatible for Editor in 0.34 ms, found 1 plugins.
Preloading 0 native plugins for Editor in 0.00 ms.
Invoked RoslynAnalysisRunner static constructor.
RoslynAnalysisRunner will not be running.
RoslynAnalysisRunner has terminated.
Mono: successfully reloaded assembly
- Completed reload, in  1.176 seconds
Platform modules already initialized, skipping
Refreshing native plugins compatible for Editor in 0.38 ms, found 1 plugins.
Preloading 0 native plugins for Editor in 0.00 ms.
Unloading 1804 Unused Serialized files (Serialized files now loaded: 0)
System memory in use before: 87.8 MB.
System memory in use after: 87.8 MB.

Unloading 14 unused Assets to reduce memory usage. Loaded Objects now: 2266.
Total: 2.776900 ms (FindLiveObjects: 0.295100 ms CreateObjectMapping: 0.079200 ms MarkObjects: 2.229400 ms  DeleteObjects: 0.172000 ms)

========================================================================
Received Import Request.
  Time since last request: 19.930360 seconds.
  path: Assets/Prefabs/Astreoid.prefab
  artifactKey: Guid(1e71a2a9357462748b6c1e500f4490a6) Importer(815301076,1909f56bfc062723c751e8b465ee728b)
Start importing Assets/Prefabs/Astreoid.prefab using Guid(1e71a2a9357462748b6c1e500f4490a6) Importer(815301076,1909f56bfc062723c751e8b465ee728b)  -> (artifact id: '84071a7fb8adc4cdee91f4d2b45378ae') in 0.081274 seconds
  Import took 0.085820 seconds .

========================================================================
Received Import Request.
  Time since last request: 550.821486 seconds.
  path: Assets/Scripts/AstreoidControlelr.cs
  artifactKey: Guid(408880ab27b75dc479cd8f761345e55e) Importer(815301076,1909f56bfc062723c751e8b465ee728b)
Start importing Assets/Scripts/AstreoidControlelr.cs using Guid(408880ab27b75dc479cd8f761345e55e) Importer(815301076,1909f56bfc062723c751e8b465ee728b)  -> (artifact id: 'a15d42cfddf307e6ea99b6d3dc213b1f') in 0.011360 seconds
  Import took 0.025393 seconds .

========================================================================
Received Prepare
Registering precompiled user dll's ...
Registered in 0.001094 seconds.
Begin MonoManager ReloadAssembly
Native extension for WindowsStandalone target not found
Native extension for OSXStandalone target not found
Native extension for WebGL target not found
Refreshing native plugins compatible for Editor in 0.43 ms, found 1 plugins.
Preloading 0 native plugins for Editor in 0.00 ms.
Invoked RoslynAnalysisRunner static constructor.
RoslynAnalysisRunner will not be running.
RoslynAnalysisRunner has terminated.
Mono: successfully reloaded assembly
- Completed reload, in  1.140 seconds
Platform modules already initialized, skipping
Refreshing native plugins compatible for Editor in 0.44 ms, found 1 plugins.
Preloading 0 native plugins for Editor in 0.00 ms.
Unloading 1805 Unused Serialized files (Serialized files now loaded: 0)
System memory in use before: 87.9 MB.
System memory in use after: 87.8 MB.

Unloading 12 unused Assets to reduce memory usage. Loaded Objects now: 2272.
Total: 3.280700 ms (FindLiveObjects: 0.387900 ms CreateObjectMapping: 0.157500 ms MarkObjects: 2.575900 ms  DeleteObjects: 0.157800 ms)

========================================================================
Received Import Request.
  Time since last request: 14.817396 seconds.
  path: Assets/Scripts/AstreoidController.cs
  artifactKey: Guid(408880ab27b75dc479cd8f761345e55e) Importer(815301076,1909f56bfc062723c751e8b465ee728b)
Start importing Assets/Scripts/AstreoidController.cs using Guid(408880ab27b75dc479cd8f761345e55e) Importer(815301076,1909f56bfc062723c751e8b465ee728b)  -> (artifact id: '36db1d359efe4cc881f932646be1fa06') in 0.016635 seconds
  Import took 0.027596 seconds .

========================================================================
Received Prepare
Registering precompiled user dll's ...
Registered in 0.000897 seconds.
Begin MonoManager ReloadAssembly
Native extension for WindowsStandalone target not found
Native extension for OSXStandalone target not found
Native extension for WebGL target not found
Refreshing native plugins compatible for Editor in 0.39 ms, found 1 plugins.
Preloading 0 native plugins for Editor in 0.00 ms.
Invoked RoslynAnalysisRunner static constructor.
RoslynAnalysisRunner will not be running.
RoslynAnalysisRunner has terminated.
Mono: successfully reloaded assembly
- Completed reload, in  1.288 seconds
Platform modules already initialized, skipping
Refreshing native plugins compatible for Editor in 0.51 ms, found 1 plugins.
Preloading 0 native plugins for Editor in 0.00 ms.
Unloading 1805 Unused Serialized files (Serialized files now loaded: 0)
System memory in use before: 87.9 MB.
System memory in use after: 87.9 MB.

Unloading 12 unused Assets to reduce memory usage. Loaded Objects now: 2276.
Total: 3.728500 ms (FindLiveObjects: 0.450200 ms CreateObjectMapping: 0.149800 ms MarkObjects: 2.903200 ms  DeleteObjects: 0.224000 ms)

========================================================================
Received Import Request.
  Time since last request: 29.682355 seconds.
  path: Assets/Scripts/ShipController.cs
  artifactKey: Guid(6cefdb076ff62734fbfe0eaa176d96fd) Importer(815301076,1909f56bfc062723c751e8b465ee728b)
Start importing Assets/Scripts/ShipController.cs using Guid(6cefdb076ff62734fbfe0eaa176d96fd) Importer(815301076,1909f56bfc062723c751e8b465ee728b)  -> (artifact id: '38eb09465ee25b7432741291cf365e9f') in 0.040944 seconds
  Import took 0.054232 seconds .

========================================================================
Received Import Request.
  Time since last request: 0.028500 seconds.
  path: Assets/Scripts/ShipController.cs
  artifactKey: Guid(6cefdb076ff62734fbfe0eaa176d96fd) Importer(815301076,1909f56bfc062723c751e8b465ee728b)
Start importing Assets/Scripts/ShipController.cs using Guid(6cefdb076ff62734fbfe0eaa176d96fd) Importer(815301076,1909f56bfc062723c751e8b465ee728b)  -> (artifact id: '38eb09465ee25b7432741291cf365e9f') in 0.003247 seconds
  Import took 0.009783 seconds .

========================================================================
Received Prepare
Registering precompiled user dll's ...
Registered in 0.001229 seconds.
Begin MonoManager ReloadAssembly
Native extension for WindowsStandalone target not found
Native extension for OSXStandalone target not found
Native extension for WebGL target not found
Refreshing native plugins compatible for Editor in 0.44 ms, found 1 plugins.
Preloading 0 native plugins for Editor in 0.00 ms.
Invoked RoslynAnalysisRunner static constructor.
RoslynAnalysisRunner will not be running.
RoslynAnalysisRunner has terminated.
Mono: successfully reloaded assembly
- Completed reload, in  1.331 seconds
Platform modules already initialized, skipping
Refreshing native plugins compatible for Editor in 0.73 ms, found 1 plugins.
Preloading 0 native plugins for Editor in 0.00 ms.
Unloading 1805 Unused Serialized files (Serialized files now loaded: 0)
System memory in use before: 87.9 MB.
System memory in use after: 87.9 MB.

Unloading 12 unused Assets to reduce memory usage. Loaded Objects now: 2280.
Total: 3.916000 ms (FindLiveObjects: 0.550800 ms CreateObjectMapping: 0.098800 ms MarkObjects: 3.052200 ms  DeleteObjects: 0.212800 ms)

========================================================================
Received Import Request.
  Time since last request: 842.125455 seconds.
  path: Assets/Prefabs/Astreoid.prefab
  artifactKey: Guid(1e71a2a9357462748b6c1e500f4490a6) Importer(815301076,1909f56bfc062723c751e8b465ee728b)
Start importing Assets/Prefabs/Astreoid.prefab using Guid(1e71a2a9357462748b6c1e500f4490a6) Importer(815301076,1909f56bfc062723c751e8b465ee728b)  -> (artifact id: 'a732c26dacca87f0edd72a4e1ebcfa98') in 0.078805 seconds
  Import took 0.084410 seconds .

========================================================================
Received Import Request.
  Time since last request: 0.000849 seconds.
  path: Assets/Prefabs/Astreoid.prefab
  artifactKey: Guid(1e71a2a9357462748b6c1e500f4490a6) Importer(815301076,1909f56bfc062723c751e8b465ee728b)
Start importing Assets/Prefabs/Astreoid.prefab using Guid(1e71a2a9357462748b6c1e500f4490a6) Importer(815301076,1909f56bfc062723c751e8b465ee728b)  -> (artifact id: 'a732c26dacca87f0edd72a4e1ebcfa98') in 0.011593 seconds
  Import took 0.015332 seconds .

========================================================================
Received Prepare
Registering precompiled user dll's ...
Registered in 0.000745 seconds.
Begin MonoManager ReloadAssembly
Native extension for WindowsStandalone target not found
Native extension for OSXStandalone target not found
Native extension for WebGL target not found
Refreshing native plugins compatible for Editor in 0.35 ms, found 1 plugins.
Preloading 0 native plugins for Editor in 0.00 ms.
Invoked RoslynAnalysisRunner static constructor.
RoslynAnalysisRunner will not be running.
RoslynAnalysisRunner has terminated.
Mono: successfully reloaded assembly
- Completed reload, in  1.124 seconds
Platform modules already initialized, skipping
Refreshing native plugins compatible for Editor in 0.40 ms, found 1 plugins.
Preloading 0 native plugins for Editor in 0.00 ms.
Unloading 1805 Unused Serialized files (Serialized files now loaded: 0)
System memory in use before: 87.9 MB.
System memory in use after: 87.9 MB.

Unloading 12 unused Assets to reduce memory usage. Loaded Objects now: 2285.
Total: 3.629900 ms (FindLiveObjects: 0.799400 ms CreateObjectMapping: 0.304100 ms MarkObjects: 2.305400 ms  DeleteObjects: 0.219600 ms)

========================================================================
Received Prepare
Registering precompiled user dll's ...
Registered in 0.001527 seconds.
Begin MonoManager ReloadAssembly
Native extension for WindowsStandalone target not found
Native extension for OSXStandalone target not found
Native extension for WebGL target not found
Refreshing native plugins compatible for Editor in 0.35 ms, found 1 plugins.
Preloading 0 native plugins for Editor in 0.00 ms.
Invoked RoslynAnalysisRunner static constructor.
RoslynAnalysisRunner will not be running.
RoslynAnalysisRunner has terminated.
Mono: successfully reloaded assembly
- Completed reload, in  1.095 seconds
Platform modules already initialized, skipping
Refreshing native plugins compatible for Editor in 0.49 ms, found 1 plugins.
Preloading 0 native plugins for Editor in 0.00 ms.
Unloading 1805 Unused Serialized files (Serialized files now loaded: 0)
System memory in use before: 87.9 MB.
System memory in use after: 87.9 MB.

Unloading 12 unused Assets to reduce memory usage. Loaded Objects now: 2289.
Total: 3.627400 ms (FindLiveObjects: 0.534400 ms CreateObjectMapping: 0.239100 ms MarkObjects: 2.680500 ms  DeleteObjects: 0.172400 ms)

========================================================================
Received Prepare
Registering precompiled user dll's ...
Registered in 0.000948 seconds.
Begin MonoManager ReloadAssembly
Native extension for WindowsStandalone target not found
Native extension for OSXStandalone target not found
Native extension for WebGL target not found
Refreshing native plugins compatible for Editor in 0.33 ms, found 1 plugins.
Preloading 0 native plugins for Editor in 0.00 ms.
Invoked RoslynAnalysisRunner static constructor.
RoslynAnalysisRunner will not be running.
RoslynAnalysisRunner has terminated.
Mono: successfully reloaded assembly
- Completed reload, in  1.079 seconds
Platform modules already initialized, skipping
Refreshing native plugins compatible for Editor in 0.36 ms, found 1 plugins.
Preloading 0 native plugins for Editor in 0.00 ms.
Unloading 1805 Unused Serialized files (Serialized files now loaded: 0)
System memory in use before: 87.9 MB.
System memory in use after: 87.9 MB.

Unloading 12 unused Assets to reduce memory usage. Loaded Objects now: 2293.
Total: 2.797100 ms (FindLiveObjects: 0.490200 ms CreateObjectMapping: 0.076400 ms MarkObjects: 2.091900 ms  DeleteObjects: 0.137300 ms)

========================================================================
Received Prepare
Registering precompiled user dll's ...
Registered in 0.000961 seconds.
Begin MonoManager ReloadAssembly
Native extension for WindowsStandalone target not found
Native extension for OSXStandalone target not found
Native extension for WebGL target not found
Refreshing native plugins compatible for Editor in 0.32 ms, found 1 plugins.
Preloading 0 native plugins for Editor in 0.00 ms.
Invoked RoslynAnalysisRunner static constructor.
RoslynAnalysisRunner will not be running.
RoslynAnalysisRunner has terminated.
Mono: successfully reloaded assembly
- Completed reload, in  1.037 seconds
Platform modules already initialized, skipping
Refreshing native plugins compatible for Editor in 0.37 ms, found 1 plugins.
Preloading 0 native plugins for Editor in 0.00 ms.
Unloading 1805 Unused Serialized files (Serialized files now loaded: 0)
System memory in use before: 87.9 MB.
System memory in use after: 87.9 MB.

Unloading 12 unused Assets to reduce memory usage. Loaded Objects now: 2297.
Total: 3.775900 ms (FindLiveObjects: 0.510200 ms CreateObjectMapping: 0.260400 ms MarkObjects: 2.803600 ms  DeleteObjects: 0.200300 ms)

AssetImportWorkerClient::OnTransportError - code=2 error=End of file
